#
# There is insufficient memory for the Java Runtime Environment to continue.
# Native memory allocation (malloc) failed to allocate 32744 bytes for ChunkPool::allocate
# Possible reasons:
#   The system is out of physical RAM or swap space
#   In 32 bit mode, the process size limit was hit
# Possible solutions:
#   Reduce memory load on the system
#   Increase physical memory or swap space
#   Check if swap backing store is full
#   Use 64 bit Java on a 64 bit OS
#   Decrease Java heap size (-Xmx/-Xms)
#   Decrease number of Java threads
#   Decrease Java thread stack sizes (-Xss)
#   Set larger code cache with -XX:ReservedCodeCacheSize=
# This output file may be truncated or incomplete.
#
#  Out of Memory Error (allocation.cpp:273), pid=14436, tid=10364
#
# JRE version: Java(TM) SE Runtime Environment (8.0_65-b17) (build 1.8.0_65-b17)
# Java VM: Java HotSpot(TM) 64-Bit Server VM (25.65-b01 mixed mode windows-amd64 compressed oops)
# Failed to write core dump. Minidumps are not enabled by default on client versions of Windows
#

---------------  T H R E A D  ---------------

Current thread (0x0000000017833000):  JavaThread "C2 CompilerThread1" daemon [_thread_in_native, id=10364, stack(0x0000000018e90000,0x0000000018f90000)]

Stack: [0x0000000018e90000,0x0000000018f90000]
[error occurred during error reporting (printing stack bounds), id 0xc0000005]

Native frames: (J=compiled Java code, j=interpreted, Vv=VM code, C=native code)


Current CompileTask:
C2:  15199 2387   !   4       java.awt.Component::reshape (312 bytes)


---------------  P R O C E S S  ---------------

Java Threads: ( => current thread )
  0x000000001ab35800 JavaThread "SwingWorker-pool-1-thread-1" daemon [_thread_blocked, id=860, stack(0x000000001dad0000,0x000000001dbd0000)]
  0x0000000002a0d800 JavaThread "DestroyJavaVM" [_thread_blocked, id=2656, stack(0x0000000002b10000,0x0000000002c10000)]
  0x000000001a6a5000 JavaThread "TimerQueue" daemon [_thread_in_Java, id=7944, stack(0x000000001bc00000,0x000000001bd00000)]
  0x000000001a436000 JavaThread "AWT-EventQueue-0" [_thread_in_native, id=3124, stack(0x000000001ba00000,0x000000001bb00000)]
  0x000000001a565800 JavaThread "Direct Clip" daemon [_thread_blocked, id=2524, stack(0x000000001b900000,0x000000001ba00000)]
  0x000000001a565000 JavaThread "Java Sound Event Dispatcher" daemon [_thread_blocked, id=3244, stack(0x000000001b400000,0x000000001b500000)]
  0x0000000019462800 JavaThread "AWT-Windows" daemon [_thread_in_native, id=8204, stack(0x0000000019d20000,0x0000000019e20000)]
  0x0000000019401000 JavaThread "AWT-Shutdown" [_thread_blocked, id=1200, stack(0x0000000019c20000,0x0000000019d20000)]
  0x0000000019461800 JavaThread "Java2D Disposer" daemon [_thread_blocked, id=9280, stack(0x0000000019a60000,0x0000000019b60000)]
  0x00000000190c6000 JavaThread "Service Thread" daemon [_thread_blocked, id=7760, stack(0x0000000019490000,0x0000000019590000)]
  0x000000001785a800 JavaThread "C1 CompilerThread2" daemon [_thread_blocked, id=14496, stack(0x0000000018f90000,0x0000000019090000)]
=>0x0000000017833000 JavaThread "C2 CompilerThread1" daemon [_thread_in_native, id=10364, stack(0x0000000018e90000,0x0000000018f90000)]
  0x000000001782e800 JavaThread "C2 CompilerThread0" daemon [_thread_in_native, id=7504, stack(0x0000000018d90000,0x0000000018e90000)]
  0x000000001782b800 JavaThread "Attach Listener" daemon [_thread_blocked, id=13260, stack(0x0000000018c90000,0x0000000018d90000)]
  0x000000001782a000 JavaThread "Signal Dispatcher" daemon [_thread_blocked, id=3968, stack(0x0000000018b90000,0x0000000018c90000)]
  0x0000000002d06800 JavaThread "Finalizer" daemon [_thread_blocked, id=4300, stack(0x0000000018a90000,0x0000000018b90000)]
  0x0000000002cfe800 JavaThread "Reference Handler" daemon [_thread_blocked, id=7048, stack(0x0000000018990000,0x0000000018a90000)]

Other Threads:
  0x00000000177f7000 VMThread [stack: 0x0000000018890000,0x0000000018990000] [id=4344]
  0x00000000190cb000 WatcherThread [stack: 0x0000000019590000,0x0000000019690000] [id=14668]

VM state:not at safepoint (normal execution)

VM Mutex/Monitor currently owned by a thread: None

Heap:
 PSYoungGen      total 343552K, used 158570K [0x00000000d5f80000, 0x00000000ed580000, 0x0000000100000000)
  eden space 304128K, 51% used [0x00000000d5f80000,0x00000000df822898,0x00000000e8880000)
  from space 39424K, 5% used [0x00000000e8880000,0x00000000e8ab8000,0x00000000eaf00000)
  to   space 37376K, 0% used [0x00000000eb100000,0x00000000eb100000,0x00000000ed580000)
 ParOldGen       total 117248K, used 66202K [0x0000000081e00000, 0x0000000089080000, 0x00000000d5f80000)
  object space 117248K, 56% used [0x0000000081e00000,0x0000000085ea68f8,0x0000000089080000)
 Metaspace       used 13823K, capacity 14046K, committed 14208K, reserved 1060864K
  class space    used 1744K, capacity 1837K, committed 1920K, reserved 1048576K

Card table byte_map: [0x00000000120d0000,0x00000000124d0000] byte_map_base: 0x0000000011cc1000

Marking Bits: (ParMarkBitMap*) 0x0000000077f7a5b0
 Begin Bits: [0x0000000012b80000, 0x0000000014b08000)
 End Bits:   [0x0000000014b08000, 0x0000000016a90000)

Polling page: 0x0000000002980000

CodeCache: size=245760Kb used=8789Kb max_used=8797Kb free=236970Kb
 bounds [0x0000000002d10000, 0x00000000035c0000, 0x0000000011d10000]
 total_blobs=2905 nmethods=2387 adapters=430
 compilation: enabled

Compilation events (10 events):
Event: 14.470 Thread 0x000000001785a800 2383       1       java.awt.event.InputEvent::getModifiers (8 bytes)
Event: 14.470 Thread 0x000000001785a800 nmethod 2383 0x0000000003595190 code [0x00000000035952e0, 0x00000000035953f0]
Event: 14.532 Thread 0x000000001785a800 2384       3       java.nio.CharBuffer::hasArray (20 bytes)
Event: 14.532 Thread 0x000000001785a800 nmethod 2384 0x0000000003597290 code [0x00000000035973e0, 0x00000000035975d0]
Event: 14.533 Thread 0x000000001785a800 2385       3       java.nio.ByteBuffer::hasArray (20 bytes)
Event: 14.533 Thread 0x000000001785a800 nmethod 2385 0x0000000003596ed0 code [0x0000000003597020, 0x0000000003597210]
Event: 14.534 Thread 0x000000001785a800 2386       3       java.lang.Math::min (12 bytes)
Event: 14.534 Thread 0x000000001785a800 nmethod 2386 0x0000000003596b50 code [0x0000000003596ca0, 0x0000000003596e30]
Event: 14.648 Thread 0x0000000017833000 2387   !   4       java.awt.Component::reshape (312 bytes)
Event: 14.665 Thread 0x000000001782e800 2388       4       javax.swing.JComponent::reshape (10 bytes)

GC Heap History (10 events):
Event: 7.859 GC heap before
{Heap before GC invocations=12 (full 1):
 PSYoungGen      total 266752K, used 231296K [0x00000000d5f80000, 0x00000000e8c00000, 0x0000000100000000)
  eden space 229888K, 100% used [0x00000000d5f80000,0x00000000e4000000,0x00000000e4000000)
  from space 36864K, 3% used [0x00000000e6800000,0x00000000e6960010,0x00000000e8c00000)
  to   space 38912K, 0% used [0x00000000e4000000,0x00000000e4000000,0x00000000e6600000)
 ParOldGen       total 117248K, used 64946K [0x0000000081e00000, 0x0000000089080000, 0x00000000d5f80000)
  object space 117248K, 55% used [0x0000000081e00000,0x0000000085d6c8d8,0x0000000089080000)
 Metaspace       used 13674K, capacity 13918K, committed 14208K, reserved 1060864K
  class space    used 1744K, capacity 1837K, committed 1920K, reserved 1048576K
Event: 7.869 GC heap after
Heap after GC invocations=12 (full 1):
 PSYoungGen      total 268800K, used 1760K [0x00000000d5f80000, 0x00000000ed780000, 0x0000000100000000)
  eden space 229888K, 0% used [0x00000000d5f80000,0x00000000d5f80000,0x00000000e4000000)
  from space 38912K, 4% used [0x00000000e4000000,0x00000000e41b8000,0x00000000e6600000)
  to   space 39424K, 0% used [0x00000000eb100000,0x00000000eb100000,0x00000000ed780000)
 ParOldGen       total 117248K, used 65082K [0x0000000081e00000, 0x0000000089080000, 0x00000000d5f80000)
  object space 117248K, 55% used [0x0000000081e00000,0x0000000085d8e8e8,0x0000000089080000)
 Metaspace       used 13674K, capacity 13918K, committed 14208K, reserved 1060864K
  class space    used 1744K, capacity 1837K, committed 1920K, reserved 1048576K
}
Event: 9.172 GC heap before
{Heap before GC invocations=13 (full 1):
 PSYoungGen      total 268800K, used 231648K [0x00000000d5f80000, 0x00000000ed780000, 0x0000000100000000)
  eden space 229888K, 100% used [0x00000000d5f80000,0x00000000e4000000,0x00000000e4000000)
  from space 38912K, 4% used [0x00000000e4000000,0x00000000e41b8000,0x00000000e6600000)
  to   space 39424K, 0% used [0x00000000eb100000,0x00000000eb100000,0x00000000ed780000)
 ParOldGen       total 117248K, used 65082K [0x0000000081e00000, 0x0000000089080000, 0x00000000d5f80000)
  object space 117248K, 55% used [0x0000000081e00000,0x0000000085d8e8e8,0x0000000089080000)
 Metaspace       used 13688K, capacity 13918K, committed 14208K, reserved 1060864K
  class space    used 1744K, capacity 1837K, committed 1920K, reserved 1048576K
Event: 9.181 GC heap after
Heap after GC invocations=13 (full 1):
 PSYoungGen      total 341504K, used 1664K [0x00000000d5f80000, 0x00000000ed580000, 0x0000000100000000)
  eden space 304128K, 0% used [0x00000000d5f80000,0x00000000d5f80000,0x00000000e8880000)
  from space 37376K, 4% used [0x00000000eb100000,0x00000000eb2a0000,0x00000000ed580000)
  to   space 39424K, 0% used [0x00000000e8880000,0x00000000e8880000,0x00000000eaf00000)
 ParOldGen       total 117248K, used 65130K [0x0000000081e00000, 0x0000000089080000, 0x00000000d5f80000)
  object space 117248K, 55% used [0x0000000081e00000,0x0000000085d9a8e8,0x0000000089080000)
 Metaspace       used 13688K, capacity 13918K, committed 14208K, reserved 1060864K
  class space    used 1744K, capacity 1837K, committed 1920K, reserved 1048576K
}
Event: 10.894 GC heap before
{Heap before GC invocations=14 (full 1):
 PSYoungGen      total 341504K, used 305791K [0x00000000d5f80000, 0x00000000ed580000, 0x0000000100000000)
  eden space 304128K, 99% used [0x00000000d5f80000,0x00000000e887fc90,0x00000000e8880000)
  from space 37376K, 4% used [0x00000000eb100000,0x00000000eb2a0000,0x00000000ed580000)
  to   space 39424K, 0% used [0x00000000e8880000,0x00000000e8880000,0x00000000eaf00000)
 ParOldGen       total 117248K, used 65130K [0x0000000081e00000, 0x0000000089080000, 0x00000000d5f80000)
  object space 117248K, 55% used [0x0000000081e00000,0x0000000085d9a8e8,0x0000000089080000)
 Metaspace       used 13730K, capacity 13982K, committed 14208K, reserved 1060864K
  class space    used 1744K, capacity 1837K, committed 1920K, reserved 1048576K
Event: 10.903 GC heap after
Heap after GC invocations=14 (full 1):
 PSYoungGen      total 343552K, used 2528K [0x00000000d5f80000, 0x00000000ed580000, 0x0000000100000000)
  eden space 304128K, 0% used [0x00000000d5f80000,0x00000000d5f80000,0x00000000e8880000)
  from space 39424K, 6% used [0x00000000e8880000,0x00000000e8af8010,0x00000000eaf00000)
  to   space 37376K, 0% used [0x00000000eb100000,0x00000000eb100000,0x00000000ed580000)
 ParOldGen       total 117248K, used 65154K [0x0000000081e00000, 0x0000000089080000, 0x00000000d5f80000)
  object space 117248K, 55% used [0x0000000081e00000,0x0000000085da08e8,0x0000000089080000)
 Metaspace       used 13730K, capacity 13982K, committed 14208K, reserved 1060864K
  class space    used 1744K, capacity 1837K, committed 1920K, reserved 1048576K
}
Event: 12.570 GC heap before
{Heap before GC invocations=15 (full 1):
 PSYoungGen      total 343552K, used 306656K [0x00000000d5f80000, 0x00000000ed580000, 0x0000000100000000)
  eden space 304128K, 100% used [0x00000000d5f80000,0x00000000e8880000,0x00000000e8880000)
  from space 39424K, 6% used [0x00000000e8880000,0x00000000e8af8010,0x00000000eaf00000)
  to   space 37376K, 0% used [0x00000000eb100000,0x00000000eb100000,0x00000000ed580000)
 ParOldGen       total 117248K, used 65154K [0x0000000081e00000, 0x0000000089080000, 0x00000000d5f80000)
  object space 117248K, 55% used [0x0000000081e00000,0x0000000085da08e8,0x0000000089080000)
 Metaspace       used 13765K, capacity 13982K, committed 14208K, reserved 1060864K
  class space    used 1744K, capacity 1837K, committed 1920K, reserved 1048576K
Event: 12.583 GC heap after
Heap after GC invocations=15 (full 1):
 PSYoungGen      total 341504K, used 2272K [0x00000000d5f80000, 0x00000000ed580000, 0x0000000100000000)
  eden space 304128K, 0% used [0x00000000d5f80000,0x00000000d5f80000,0x00000000e8880000)
  from space 37376K, 6% used [0x00000000eb100000,0x00000000eb338000,0x00000000ed580000)
  to   space 39424K, 0% used [0x00000000e8880000,0x00000000e8880000,0x00000000eaf00000)
 ParOldGen       total 117248K, used 66186K [0x0000000081e00000, 0x0000000089080000, 0x00000000d5f80000)
  object space 117248K, 56% used [0x0000000081e00000,0x0000000085ea28f8,0x0000000089080000)
 Metaspace       used 13765K, capacity 13982K, committed 14208K, reserved 1060864K
  class space    used 1744K, capacity 1837K, committed 1920K, reserved 1048576K
}
Event: 14.273 GC heap before
{Heap before GC invocations=16 (full 1):
 PSYoungGen      total 341504K, used 306400K [0x00000000d5f80000, 0x00000000ed580000, 0x0000000100000000)
  eden space 304128K, 100% used [0x00000000d5f80000,0x00000000e8880000,0x00000000e8880000)
  from space 37376K, 6% used [0x00000000eb100000,0x00000000eb338000,0x00000000ed580000)
  to   space 39424K, 0% used [0x00000000e8880000,0x00000000e8880000,0x00000000eaf00000)
 ParOldGen       total 117248K, used 66186K [0x0000000081e00000, 0x0000000089080000, 0x00000000d5f80000)
  object space 117248K, 56% used [0x0000000081e00000,0x0000000085ea28f8,0x0000000089080000)
 Metaspace       used 13822K, capacity 14046K, committed 14208K, reserved 1060864K
  class space    used 1744K, capacity 1837K, committed 1920K, reserved 1048576K
Event: 14.283 GC heap after
Heap after GC invocations=16 (full 1):
 PSYoungGen      total 343552K, used 2272K [0x00000000d5f80000, 0x00000000ed580000, 0x0000000100000000)
  eden space 304128K, 0% used [0x00000000d5f80000,0x00000000d5f80000,0x00000000e8880000)
  from space 39424K, 5% used [0x00000000e8880000,0x00000000e8ab8000,0x00000000eaf00000)
  to   space 37376K, 0% used [0x00000000eb100000,0x00000000eb100000,0x00000000ed580000)
 ParOldGen       total 117248K, used 66202K [0x0000000081e00000, 0x0000000089080000, 0x00000000d5f80000)
  object space 117248K, 56% used [0x0000000081e00000,0x0000000085ea68f8,0x0000000089080000)
 Metaspace       used 13822K, capacity 14046K, committed 14208K, reserved 1060864K
  class space    used 1744K, capacity 1837K, committed 1920K, reserved 1048576K
}

Deoptimization events (10 events):
Event: 5.183 Thread 0x000000001a436000 Uncommon trap: reason=class_check action=maybe_recompile pc=0x0000000002e9f728 method=java.lang.String.equals(Ljava/lang/Object;)Z @ 8
Event: 5.183 Thread 0x000000001a436000 Uncommon trap: reason=class_check action=maybe_recompile pc=0x0000000002e9f728 method=java.lang.String.equals(Ljava/lang/Object;)Z @ 8
Event: 5.375 Thread 0x000000001a6a5000 Uncommon trap: reason=unstable_if action=reinterpret pc=0x00000000033e28ac method=java.util.concurrent.locks.AbstractQueuedSynchronizer.acquireInterruptibly(I)V @ 19
Event: 6.382 Thread 0x000000001a436000 Uncommon trap: reason=unstable_if action=reinterpret pc=0x000000000343af0c method=sun.font.CMap$CMapFormat4.getGlyph(I)C @ 181
Event: 6.650 Thread 0x000000001a436000 Uncommon trap: reason=unstable_if action=reinterpret pc=0x00000000033067e4 method=java.awt.Font.equals(Ljava/lang/Object;)Z @ 24
Event: 6.661 Thread 0x000000001a436000 Uncommon trap: reason=unstable_if action=reinterpret pc=0x000000000337a280 method=java.awt.Font.hashCode()I @ 4
Event: 6.678 Thread 0x000000001a436000 Uncommon trap: reason=unstable_if action=reinterpret pc=0x0000000003359630 method=sun.font.FontDesignMetrics.getMetrics(Ljava/awt/Font;Ljava/awt/font/FontRenderContext;)Lsun/font/FontDesignMetrics; @ 196
Event: 6.685 Thread 0x000000001a436000 Uncommon trap: reason=unstable_if action=reinterpret pc=0x0000000003426a48 method=javax.swing.SwingUtilities.computeIntersection(IIIILjava/awt/Rectangle;)Ljava/awt/Rectangle; @ 6
Event: 8.316 Thread 0x000000001a436000 Uncommon trap: reason=unstable_if action=reinterpret pc=0x00000000030554ac method=java.util.concurrent.locks.ReentrantLock$Sync.nonfairTryAcquire(I)Z @ 19
Event: 14.288 Thread 0x0000000002cfe800 Uncommon trap: reason=unstable_if action=reinterpret pc=0x0000000003560d10 method=java.lang.ref.Reference$ReferenceHandler.run()V @ 90

Internal exceptions (10 events):
Event: 0.299 Thread 0x0000000019482000 Exception <a 'java/io/FileNotFoundException'> (0x00000000d64b5f18) thrown at [C:\workspace\8-2-build-windows-amd64-cygwin\jdk8u65\4987\hotspot\src\share\vm\prims\jni.cpp, line 709]
Event: 0.299 Thread 0x0000000019482000 Exception <a 'java/io/FileNotFoundException'> (0x00000000d64b6718) thrown at [C:\workspace\8-2-build-windows-amd64-cygwin\jdk8u65\4987\hotspot\src\share\vm\prims\jni.cpp, line 709]
Event: 1.885 Thread 0x000000001a436000 Implicit null exception at 0x0000000002f3e045 to 0x0000000002f3e091
Event: 1.885 Thread 0x000000001a6a5000 Implicit null exception at 0x000000000300255c to 0x00000000030025d1
Event: 1.886 Thread 0x0000000019482000 Exception <a 'java/io/FileNotFoundException'> (0x00000000d6f186b0) thrown at [C:\workspace\8-2-build-windows-amd64-cygwin\jdk8u65\4987\hotspot\src\share\vm\prims\jni.cpp, line 709]
Event: 1.887 Thread 0x000000001a428000 Exception <a 'java/io/FileNotFoundException'> (0x00000000d7ab4b60) thrown at [C:\workspace\8-2-build-windows-amd64-cygwin\jdk8u65\4987\hotspot\src\share\vm\prims\jni.cpp, line 709]
Event: 2.736 Thread 0x0000000019482000 Exception <a 'java/io/FileNotFoundException'> (0x00000000d9a79bf0) thrown at [C:\workspace\8-2-build-windows-amd64-cygwin\jdk8u65\4987\hotspot\src\share\vm\prims\jni.cpp, line 709]
Event: 2.893 Thread 0x000000001a428000 Exception <a 'java/io/FileNotFoundException'> (0x00000000d73216e8) thrown at [C:\workspace\8-2-build-windows-amd64-cygwin\jdk8u65\4987\hotspot\src\share\vm\prims\jni.cpp, line 709]
Event: 2.909 Thread 0x000000001a86b000 Exception <a 'java/io/FileNotFoundException'> (0x00000000d7f153d8) thrown at [C:\workspace\8-2-build-windows-amd64-cygwin\jdk8u65\4987\hotspot\src\share\vm\prims\jni.cpp, line 709]
Event: 2.956 Thread 0x000000001ab35800 Implicit null exception at 0x0000000003055b39 to 0x00000000030560d9

Events (10 events):
Event: 12.583 Executing VM operation: ParallelGCFailedAllocation done
Event: 14.273 Executing VM operation: ParallelGCFailedAllocation
Event: 14.283 Executing VM operation: ParallelGCFailedAllocation done
Event: 14.285 Thread 0x0000000002cfe800 DEOPT PACKING pc=0x00000000034d93e0 sp=0x0000000018a8f830
Event: 14.285 Thread 0x0000000002cfe800 DEOPT UNPACKING pc=0x0000000002d5787f sp=0x0000000018a8f580 mode 0
Event: 14.286 Thread 0x0000000019461800 DEOPT PACKING pc=0x00000000034d7de1 sp=0x0000000019b5f680
Event: 14.286 Thread 0x0000000019461800 DEOPT UNPACKING pc=0x0000000002d5787f sp=0x0000000019b5f3e0 mode 0
Event: 14.288 Thread 0x0000000002cfe800 Uncommon trap: trap_request=0xffffff65 fr.pc=0x0000000003560d10
Event: 14.288 Thread 0x0000000002cfe800 DEOPT PACKING pc=0x0000000003560d10 sp=0x0000000018a8f830
Event: 14.288 Thread 0x0000000002cfe800 DEOPT UNPACKING pc=0x0000000002d5582a sp=0x0000000018a8f800 mode 2


Dynamic libraries:
0x00007ff706a20000 - 0x00007ff706a57000 	C:\Program Files\Java\jre1.8.0_65\bin\javaw.exe
0x00007ffa4e900000 - 0x00007ffa4eadb000 	C:\WINDOWS\SYSTEM32\ntdll.dll
0x00007ffa2ee20000 - 0x00007ffa2ee53000 	C:\Program Files\AVAST Software\Avast\x64\aswhooka.dll
0x00007ffa4c960000 - 0x00007ffa4ca0e000 	C:\WINDOWS\System32\KERNEL32.DLL
0x00007ffa4bab0000 - 0x00007ffa4bcf9000 	C:\WINDOWS\System32\KERNELBASE.dll
0x00007ffa4d340000 - 0x00007ffa4d3e1000 	C:\WINDOWS\System32\ADVAPI32.dll
0x00007ffa4e830000 - 0x00007ffa4e8cd000 	C:\WINDOWS\System32\msvcrt.dll
0x00007ffa4d0c0000 - 0x00007ffa4d119000 	C:\WINDOWS\System32\sechost.dll
0x00007ffa4c110000 - 0x00007ffa4c235000 	C:\WINDOWS\System32\RPCRT4.dll
0x00007ffa4c240000 - 0x00007ffa4c38a000 	C:\WINDOWS\System32\USER32.dll
0x00007ffa4b8f0000 - 0x00007ffa4b90e000 	C:\WINDOWS\System32\win32u.dll
0x00007ffa4e8d0000 - 0x00007ffa4e8f7000 	C:\WINDOWS\System32\GDI32.dll
0x00007ffa4ae20000 - 0x00007ffa4afa7000 	C:\WINDOWS\System32\gdi32full.dll
0x00007ffa4b960000 - 0x00007ffa4b9fa000 	C:\WINDOWS\System32\msvcp_win.dll
0x00007ffa4bd60000 - 0x00007ffa4be56000 	C:\WINDOWS\System32\ucrtbase.dll
0x00007ffa462e0000 - 0x00007ffa46547000 	C:\WINDOWS\WinSxS\amd64_microsoft.windows.common-controls_6595b64144ccf1df_6.0.15063.483_none_26002d27e7c744a2\COMCTL32.dll
0x00007ffa4cdc0000 - 0x00007ffa4d0b9000 	C:\WINDOWS\System32\combase.dll
0x00007ffa4b880000 - 0x00007ffa4b8ea000 	C:\WINDOWS\System32\bcryptPrimitives.dll
0x00007ffa4d1a0000 - 0x00007ffa4d1cd000 	C:\WINDOWS\System32\IMM32.DLL
0x0000000050710000 - 0x00000000507e2000 	C:\Program Files\Java\jre1.8.0_65\bin\msvcr100.dll
0x0000000077770000 - 0x0000000077ff9000 	C:\Program Files\Java\jre1.8.0_65\bin\server\jvm.dll
0x00007ffa4c390000 - 0x00007ffa4c398000 	C:\WINDOWS\System32\PSAPI.DLL
0x00007ffa47f80000 - 0x00007ffa47f89000 	C:\WINDOWS\SYSTEM32\WSOCK32.dll
0x00007ffa4bf30000 - 0x00007ffa4bf9c000 	C:\WINDOWS\System32\WS2_32.dll
0x00007ffa48670000 - 0x00007ffa48693000 	C:\WINDOWS\SYSTEM32\WINMM.dll
0x00007ffa46c50000 - 0x00007ffa46c5a000 	C:\WINDOWS\SYSTEM32\VERSION.dll
0x00007ffa48610000 - 0x00007ffa4863b000 	C:\WINDOWS\SYSTEM32\WINMMBASE.dll
0x00007ffa4b910000 - 0x00007ffa4b959000 	C:\WINDOWS\System32\cfgmgr32.dll
0x00000000516d0000 - 0x00000000516df000 	C:\Program Files\Java\jre1.8.0_65\bin\verify.dll
0x00000000511c0000 - 0x00000000511e9000 	C:\Program Files\Java\jre1.8.0_65\bin\java.dll
0x00000000516b0000 - 0x00000000516c6000 	C:\Program Files\Java\jre1.8.0_65\bin\zip.dll
0x00007ffa4d3f0000 - 0x00007ffa4e826000 	C:\WINDOWS\System32\SHELL32.dll
0x00007ffa4cb70000 - 0x00007ffa4cc1a000 	C:\WINDOWS\System32\shcore.dll
0x00007ffa4afb0000 - 0x00007ffa4b6a1000 	C:\WINDOWS\System32\windows.storage.dll
0x00007ffa4d2e0000 - 0x00007ffa4d331000 	C:\WINDOWS\System32\shlwapi.dll
0x00007ffa4ae00000 - 0x00007ffa4ae11000 	C:\WINDOWS\System32\kernel.appcore.dll
0x00007ffa4ad90000 - 0x00007ffa4addc000 	C:\WINDOWS\System32\powrprof.dll
0x00007ffa4ade0000 - 0x00007ffa4adf5000 	C:\WINDOWS\System32\profapi.dll
0x0000000050570000 - 0x0000000050708000 	C:\Program Files\Java\jre1.8.0_65\bin\awt.dll
0x00007ffa4c7e0000 - 0x00007ffa4c8a0000 	C:\WINDOWS\System32\OLEAUT32.dll
0x00007ffa49740000 - 0x00007ffa497be000 	C:\WINDOWS\SYSTEM32\apphelp.dll
0x00007ffa485b0000 - 0x00007ffa485da000 	C:\WINDOWS\system32\DWMAPI.DLL
0x00007ffa49840000 - 0x00007ffa498d5000 	C:\WINDOWS\system32\uxtheme.dll
0x00007ffa4bfa0000 - 0x00007ffa4c106000 	C:\WINDOWS\System32\MSCTF.dll
0x00007ffa4ca20000 - 0x00007ffa4cb65000 	C:\WINDOWS\System32\ole32.dll
0x0000000051120000 - 0x000000005112c000 	C:\Program Files\Java\jre1.8.0_65\bin\jsound.dll
0x0000000051110000 - 0x000000005111b000 	C:\Program Files\Java\jre1.8.0_65\bin\jsoundds.dll
0x00007ffa32750000 - 0x00007ffa327dc000 	C:\WINDOWS\SYSTEM32\DSOUND.dll
0x00007ffa42680000 - 0x00007ffa426e7000 	C:\WINDOWS\SYSTEM32\MMDevAPI.DLL
0x00007ffa498e0000 - 0x00007ffa49908000 	C:\WINDOWS\SYSTEM32\DEVOBJ.dll
0x00007ffa48280000 - 0x00007ffa48416000 	C:\WINDOWS\SYSTEM32\PROPSYS.dll
0x00007ffa45ef0000 - 0x00007ffa45f31000 	C:\WINDOWS\SYSTEM32\wdmaud.drv
0x00007ffa3dab0000 - 0x00007ffa3dab9000 	C:\WINDOWS\SYSTEM32\ksuser.dll
0x00007ffa47030000 - 0x00007ffa4703b000 	C:\WINDOWS\SYSTEM32\AVRT.dll
0x00007ffa42020000 - 0x00007ffa42125000 	C:\WINDOWS\SYSTEM32\AUDIOSES.DLL
0x00007ffa47c70000 - 0x00007ffa47da9000 	C:\WINDOWS\SYSTEM32\wintypes.dll
0x00007ffa47f40000 - 0x00007ffa47f4d000 	C:\WINDOWS\SYSTEM32\msacm32.drv
0x00007ffa363b0000 - 0x00007ffa363cc000 	C:\WINDOWS\SYSTEM32\MSACM32.dll
0x00007ffa47f30000 - 0x00007ffa47f3a000 	C:\WINDOWS\SYSTEM32\midimap.dll
0x00007ffa4be70000 - 0x00007ffa4bf0e000 	C:\WINDOWS\System32\clbcatq.dll
0x00000000510c0000 - 0x0000000051107000 	C:\Program Files\Java\jre1.8.0_65\bin\fontmanager.dll
0x00007ffa44d70000 - 0x00007ffa44df2000 	C:\WINDOWS\System32\TextInputFramework.dll
0x00007ffa44810000 - 0x00007ffa44ae2000 	C:\WINDOWS\System32\CoreUIComponents.dll
0x00007ffa48bd0000 - 0x00007ffa48cb3000 	C:\WINDOWS\System32\CoreMessaging.dll
0x00007ffa49f80000 - 0x00007ffa49fb1000 	C:\WINDOWS\SYSTEM32\ntmarta.dll
0x00007ffa47830000 - 0x00007ffa47845000 	C:\WINDOWS\SYSTEM32\usermgrcli.dll
0x00000000511a0000 - 0x00000000511ba000 	C:\Program Files\Java\jre1.8.0_65\bin\net.dll
0x00007ffa4a620000 - 0x00007ffa4a67c000 	C:\WINDOWS\system32\mswsock.dll
0x0000000051180000 - 0x0000000051191000 	C:\Program Files\Java\jre1.8.0_65\bin\nio.dll
0x0000000050520000 - 0x0000000050562000 	C:\Program Files\Java\jre1.8.0_65\bin\t2k.dll
0x00007ffa44e00000 - 0x00007ffa44f06000 	C:\Windows\System32\Windows.UI.dll
0x00007ffa4a7c0000 - 0x00007ffa4a7d7000 	C:\WINDOWS\SYSTEM32\CRYPTSP.dll
0x00007ffa4a240000 - 0x00007ffa4a274000 	C:\WINDOWS\system32\rsaenh.dll
0x00007ffa4acb0000 - 0x00007ffa4acd5000 	C:\WINDOWS\SYSTEM32\bcrypt.dll
0x00007ffa4ac70000 - 0x00007ffa4ac99000 	C:\WINDOWS\SYSTEM32\USERENV.dll
0x00007ffa4ac30000 - 0x00007ffa4ac3b000 	C:\WINDOWS\SYSTEM32\CRYPTBASE.dll
0x00007ffa4a3c0000 - 0x00007ffa4a3f7000 	C:\WINDOWS\SYSTEM32\IPHLPAPI.DLL
0x00007ffa4be60000 - 0x00007ffa4be68000 	C:\WINDOWS\System32\NSI.dll
0x00007ffa47280000 - 0x00007ffa47296000 	C:\WINDOWS\SYSTEM32\dhcpcsvc6.DLL
0x00007ffa47260000 - 0x00007ffa4727a000 	C:\WINDOWS\SYSTEM32\dhcpcsvc.DLL
0x00007ffa3d330000 - 0x00007ffa3d4dc000 	C:\WINDOWS\SYSTEM32\WindowsCodecs.dll
0x00007ffa371e0000 - 0x00007ffa37227000 	C:\WINDOWS\system32\dataexchange.dll
0x00007ffa48780000 - 0x00007ffa48a5f000 	C:\WINDOWS\system32\d3d11.dll
0x00007ffa49270000 - 0x00007ffa49392000 	C:\WINDOWS\system32\dcomp.dll
0x00007ffa49d80000 - 0x00007ffa49e24000 	C:\WINDOWS\system32\dxgi.dll
0x00007ffa48a60000 - 0x00007ffa48bd0000 	C:\WINDOWS\system32\twinapi.appcore.dll

VM Arguments:
jvm_args: -Dfile.encoding=Cp1252 
java_command: com.elements.Driver
java_class_path (initial): C:\Users\Candy\Documents\GitHub\CSC617M_Activity_Current\bin
Launcher Type: SUN_STANDARD

Environment Variables:
CLASSPATH=C:\Octave\Octave-4.2.0\bin;C:\Program Files (x86)\JMF2.1.1e\lib\sound.jar;C:\Program Files (x86)\JMF2.1.1e\lib\jmf.jar;C:\Python27\Lib;.;C:\ANTLR\antlr-4.7-complete.jar;
PATH=C:/Program Files/Java/jre1.8.0_65/bin/server;C:/Program Files/Java/jre1.8.0_65/bin;C:/Program Files/Java/jre1.8.0_65/lib/amd64;C:\Program Files\iis express\PHP\v7.1;C:\ProgramData\Oracle\Java\javapath;C:\Program Files (x86)\Intel\iCLS Client\;C:\Program Files\Intel\iCLS Client\;C:\WINDOWS\system32;C:\WINDOWS;C:\WINDOWS\System32\Wbem;C:\WINDOWS\System32\WindowsPowerShell\v1.0\;C:\Program Files (x86)\Intel\OpenCL SDK\2.0\bin\x86;C:\Program Files (x86)\Intel\OpenCL SDK\2.0\bin\x64;C:\Program Files\Intel\Intel(R) Management Engine Components\DAL;C:\Program Files\Intel\Intel(R) Management Engine Components\IPT;C:\Program Files (x86)\Intel\Intel(R) Management Engine Components\DAL;C:\Program Files (x86)\Intel\Intel(R) Management Engine Components\IPT;C:\Program Files\Sony\VAIO Improvement\;C:\Program Files (x86)\Sony\VAIO Startup Setting Tool;C:\Program Files\Intel\WiFi\bin\;C:\Program Files\Common Files\Intel\WirelessCommon\;C:\Program Files (x86)\NVIDIA Corporation\PhysX\Common;C:\ProgramData\ComposerSetup\bin;C:\wamp64\bin\php\php5.6.25;C;C:\Program Files\Microsoft Service Fabric\bin\Fabric\Fabric.Code;C:\Program Files\Microsoft SDKs\Service Fabric\Tools\ServiceFabricLocalClusterManager;C:\Program Files (x86)\Windows Kits\10\Windows Performance Toolkit\;%SystemRoot%\system32;%SystemRoot%;%SystemRoot%\System32\Wbem;%SYSTEMROOT%\System32\WindowsPowerShell\v1.0\;C:\Ruby24-x64\bin;C:\Octave\Octave-4.2.0\bin;C:\Python27;C:\Python27\Scripts;C:\Users\Candy\AppData\Local\Microsoft\WindowsApps;C:\Users\Candy\eclipse\java-neon\eclipse;
USERNAME=Candy
OS=Windows_NT
PROCESSOR_IDENTIFIER=Intel64 Family 6 Model 58 Stepping 9, GenuineIntel



---------------  S Y S T E M  ---------------

OS: Windows 10.0 , 64 bit Build 15063 (10.0.15063.296)

CPU:total 4 (2 cores per cpu, 2 threads per core) family 6 model 58 stepping 9, cmov, cx8, fxsr, mmx, sse, sse2, sse3, ssse3, sse4.1, sse4.2, popcnt, avx, aes, clmul, erms, ht, tsc, tscinvbit, tscinv

Memory: 4k page, physical 8264984k(1635840k free), swap 10312984k(3568k free)

vm_info: Java HotSpot(TM) 64-Bit Server VM (25.65-b01) for windows-amd64 JRE (1.8.0_65-b17), built on Oct  6 2015 16:39:20 by "java_re" with MS VC++ 10.0 (VS2010)

time: Sun Oct 15 23:12:36 2017
elapsed time: 15 seconds (0d 0h 0m 15s)

